生成启动时间为 2018/10/26 10:02:41。
     1>项目“E:\MaggieSVN\项目成员\黄梦蝶\H264\JM\ldecod_vc10.vcxproj”在节点 2 上(Build 个目标)。
     1>C:\Program Files (x86)\MSBuild\Microsoft.Cpp\v4.0\V110\Microsoft.CppBuild.targets(345,5): warning MSB8004: Intermediate Directory does not end with a trailing slash.  This build instance will add the slash as it is required to allow proper evaluation of the Intermediate Directory.
     1>C:\Program Files (x86)\MSBuild\Microsoft.Cpp\v4.0\V110\Microsoft.CppBuild.targets(346,5): warning MSB8004: Output Directory does not end with a trailing slash.  This build instance will add the slash as it is required to allow proper evaluation of the Output Directory.
     1>InitializeBuildStatus:
         正在创建“.\bin\ldecod.unsuccessfulbuild”，因为已指定“AlwaysCreate”。
       MakeDirsForCl:
         正在创建目录“E:\MaggieSVN\项目成员\黄梦蝶\H264\JM\.\ldecod\Debug_Win32_vc10”。
       ClCompile:
         E:\VS2012\Microsoft Visual Studio 11.0\VC\bin\CL.exe /c /Ildecod/inc /Ilcommon/inc /ZI /nologo /W3 /WX- /Od /Oy- /D WIN32 /D _DEBUG /D _CONSOLE /D _CRT_SECURE_NO_DEPRECATE /D _MBCS /Gm- /EHsc /RTC1 /MTd /GS /fp:precise /Zc:wchar_t /Zc:forScope /openmp- /Fo".\ldecod/Debug_Win32_vc10/" /Fd".\ldecod/Debug_Win32_vc10/vc110.pdb" /FR".\bin\\" /Gd /TC /analyze- /errorReport:prompt /MP lcommon\src\blk_prediction.c lcommon\src\config_common.c lcommon\src\img_io.c lcommon\src\img_process.c lcommon\src\input.c lcommon\src\io_raw.c lcommon\src\io_tiff.c lcommon\src\mbuffer_common.c lcommon\src\memalloc.c lcommon\src\mv_prediction.c lcommon\src\nalucommon.c lcommon\src\parsetcommon.c lcommon\src\transform.c lcommon\src\win32.c ldecod\src\annexb.c ldecod\src\biaridecod.c ldecod\src\block.c ldecod\src\cabac.c ldecod\src\configfile.c ldecod\src\context_ini.c ldecod\src\decoder_test.c ldecod\src\dec_statistics.c ldecod\src\erc_api.c ldecod\src\erc_do_i.c ldecod\src\erc_do_p.c ldecod\src\errorconcealment.c ldecod\src\filehandle.c ldecod\src\fmo.c ldecod\src\header.c ldecod\src\image.c ldecod\src\intra16x16_pred.c ldecod\src\intra16x16_pred_mbaff.c ldecod\src\intra16x16_pred_normal.c ldecod\src\intra4x4_pred.c ldecod\src\intra4x4_pred_mbaff.c ldecod\src\intra4x4_pred_normal.c ldecod\src\intra8x8_pred.c ldecod\src\intra8x8_pred_mbaff.c ldecod\src\intra8x8_pred_normal.c ldecod\src\intra_chroma_pred.c ldecod\src\intra_chroma_pred_mbaff.c ldecod\src\intra_pred_common.c ldecod\src\ldecod.c ldecod\src\leaky_bucket.c ldecod\src\loopFilter.c ldecod\src\loop_filter_mbaff.c ldecod\src\loop_filter_normal.c ldecod\src\macroblock.c ldecod\src\mbuffer.c ldecod\src\mbuffer_mvc.c ldecod\src\mb_access.c ldecod\src\mb_prediction.c ldecod\src\mb_read.c ldecod\src\mc_direct.c ldecod\src\mc_prediction.c ldecod\src\nal.c ldecod\src\nalu.c ldecod\src\output.c ldecod\src\parset.c ldecod\src\quant.c ldecod\src\read_comp_cabac.c ldecod\src\read_comp_cavlc.c ldecod\src\rtp.c ldecod\src\sei.c ldecod\src\transform8x8.c ldecod\src\vlc.c
         blk_prediction.c
         config_common.c
     1>e:\maggiesvn\项目成员\黄梦蝶\h264\jm\ldecod\inc\contributors.h : warning C4819: 该文件包含不能在当前代码页(936)中表示的字符。请将该文件保存为 Unicode 格式以防止数据丢失 (lcommon\src\blk_prediction.c)
         img_io.c
         img_process.c
     1>e:\maggiesvn\项目成员\黄梦蝶\h264\jm\ldecod\inc\contributors.h : warning C4819: 该文件包含不能在当前代码页(936)中表示的字符。请将该文件保存为 Unicode 格式以防止数据丢失 (lcommon\src\img_io.c)
     1>e:\maggiesvn\项目成员\黄梦蝶\h264\jm\ldecod\inc\contributors.h : warning C4819: 该文件包含不能在当前代码页(936)中表示的字符。请将该文件保存为 Unicode 格式以防止数据丢失 (lcommon\src\img_process.c)
         input.c
     1>e:\maggiesvn\项目成员\黄梦蝶\h264\jm\ldecod\inc\contributors.h : warning C4819: 该文件包含不能在当前代码页(936)中表示的字符。请将该文件保存为 Unicode 格式以防止数据丢失 (lcommon\src\input.c)
         io_raw.c
     1>e:\maggiesvn\项目成员\黄梦蝶\h264\jm\ldecod\inc\contributors.h : warning C4819: 该文件包含不能在当前代码页(936)中表示的字符。请将该文件保存为 Unicode 格式以防止数据丢失 (lcommon\src\io_raw.c)
         io_tiff.c
     1>e:\maggiesvn\项目成员\黄梦蝶\h264\jm\ldecod\inc\contributors.h : warning C4819: 该文件包含不能在当前代码页(936)中表示的字符。请将该文件保存为 Unicode 格式以防止数据丢失 (lcommon\src\io_tiff.c)
         mbuffer_common.c
         memalloc.c
         mv_prediction.c
         nalucommon.c
         parsetcommon.c
         transform.c
         win32.c
         annexb.c
         biaridecod.c
         block.c
         cabac.c
     1>e:\maggiesvn\项目成员\黄梦蝶\h264\jm\ldecod\inc\contributors.h : warning C4819: 该文件包含不能在当前代码页(936)中表示的字符。请将该文件保存为 Unicode 格式以防止数据丢失 (ldecod\src\block.c)
         configfile.c
         context_ini.c
         decoder_test.c
     1>e:\maggiesvn\项目成员\黄梦蝶\h264\jm\ldecod\inc\contributors.h : warning C4819: 该文件包含不能在当前代码页(936)中表示的字符。请将该文件保存为 Unicode 格式以防止数据丢失 (ldecod\src\decoder_test.c)
         dec_statistics.c
         erc_api.c
         erc_do_i.c
         erc_do_p.c
         errorconcealment.c
     1>e:\maggiesvn\项目成员\黄梦蝶\h264\jm\ldecod\inc\contributors.h : warning C4819: 该文件包含不能在当前代码页(936)中表示的字符。请将该文件保存为 Unicode 格式以防止数据丢失 (ldecod\src\errorconcealment.c)
         filehandle.c
     1>e:\maggiesvn\项目成员\黄梦蝶\h264\jm\ldecod\inc\contributors.h : warning C4819: 该文件包含不能在当前代码页(936)中表示的字符。请将该文件保存为 Unicode 格式以防止数据丢失 (ldecod\src\filehandle.c)
         fmo.c
         header.c
         image.c
     1>e:\maggiesvn\项目成员\黄梦蝶\h264\jm\ldecod\inc\contributors.h : warning C4819: 该文件包含不能在当前代码页(936)中表示的字符。请将该文件保存为 Unicode 格式以防止数据丢失 (ldecod\src\image.c)
         intra16x16_pred.c
         intra16x16_pred_mbaff.c
         intra16x16_pred_normal.c
         intra4x4_pred.c
         intra4x4_pred_mbaff.c
         intra4x4_pred_normal.c
         intra8x8_pred.c
         intra8x8_pred_mbaff.c
         intra8x8_pred_normal.c
         intra_chroma_pred.c
         intra_chroma_pred_mbaff.c
         intra_pred_common.c
         ldecod.c
     1>e:\maggiesvn\项目成员\黄梦蝶\h264\jm\ldecod\inc\contributors.h : warning C4819: 该文件包含不能在当前代码页(936)中表示的字符。请将该文件保存为 Unicode 格式以防止数据丢失 (ldecod\src\ldecod.c)
         leaky_bucket.c
     1>e:\maggiesvn\项目成员\黄梦蝶\h264\jm\ldecod\inc\contributors.h : warning C4819: 该文件包含不能在当前代码页(936)中表示的字符。请将该文件保存为 Unicode 格式以防止数据丢失 (ldecod\src\leaky_bucket.c)
         loopFilter.c
         loop_filter_mbaff.c
         loop_filter_normal.c
         macroblock.c
         mbuffer.c
     1>e:\maggiesvn\项目成员\黄梦蝶\h264\jm\ldecod\inc\contributors.h : warning C4819: 该文件包含不能在当前代码页(936)中表示的字符。请将该文件保存为 Unicode 格式以防止数据丢失 (ldecod\src\macroblock.c)
         mbuffer_mvc.c
         mb_access.c
         mb_prediction.c
     1>e:\maggiesvn\项目成员\黄梦蝶\h264\jm\ldecod\inc\contributors.h : warning C4819: 该文件包含不能在当前代码页(936)中表示的字符。请将该文件保存为 Unicode 格式以防止数据丢失 (ldecod\src\mb_prediction.c)
         mb_read.c
     1>e:\maggiesvn\项目成员\黄梦蝶\h264\jm\ldecod\inc\contributors.h : warning C4819: 该文件包含不能在当前代码页(936)中表示的字符。请将该文件保存为 Unicode 格式以防止数据丢失 (ldecod\src\mb_read.c)
         mc_direct.c
         mc_prediction.c
         nal.c
     1>e:\maggiesvn\项目成员\黄梦蝶\h264\jm\ldecod\inc\contributors.h : warning C4819: 该文件包含不能在当前代码页(936)中表示的字符。请将该文件保存为 Unicode 格式以防止数据丢失 (ldecod\src\nal.c)
         nalu.c
         output.c
     1>e:\maggiesvn\项目成员\黄梦蝶\h264\jm\ldecod\inc\contributors.h : warning C4819: 该文件包含不能在当前代码页(936)中表示的字符。请将该文件保存为 Unicode 格式以防止数据丢失 (ldecod\src\output.c)
         parset.c
         quant.c
     1>e:\maggiesvn\项目成员\黄梦蝶\h264\jm\ldecod\inc\contributors.h : warning C4819: 该文件包含不能在当前代码页(936)中表示的字符。请将该文件保存为 Unicode 格式以防止数据丢失 (ldecod\src\quant.c)
         read_comp_cabac.c
     1>e:\maggiesvn\项目成员\黄梦蝶\h264\jm\ldecod\inc\contributors.h : warning C4819: 该文件包含不能在当前代码页(936)中表示的字符。请将该文件保存为 Unicode 格式以防止数据丢失 (ldecod\src\read_comp_cabac.c)
         read_comp_cavlc.c
         rtp.c
         sei.c
     1>e:\maggiesvn\项目成员\黄梦蝶\h264\jm\ldecod\inc\contributors.h : warning C4819: 该文件包含不能在当前代码页(936)中表示的字符。请将该文件保存为 Unicode 格式以防止数据丢失 (ldecod\src\read_comp_cavlc.c)
     1>e:\maggiesvn\项目成员\黄梦蝶\h264\jm\ldecod\inc\contributors.h : warning C4819: 该文件包含不能在当前代码页(936)中表示的字符。请将该文件保存为 Unicode 格式以防止数据丢失 (ldecod\src\sei.c)
         transform8x8.c
     1>e:\maggiesvn\项目成员\黄梦蝶\h264\jm\ldecod\inc\contributors.h : warning C4819: 该文件包含不能在当前代码页(936)中表示的字符。请将该文件保存为 Unicode 格式以防止数据丢失 (ldecod\src\rtp.c)
         vlc.c
     1>e:\maggiesvn\项目成员\黄梦蝶\h264\jm\ldecod\inc\contributors.h : warning C4819: 该文件包含不能在当前代码页(936)中表示的字符。请将该文件保存为 Unicode 格式以防止数据丢失 (ldecod\src\vlc.c)
       Link:
         E:\VS2012\Microsoft Visual Studio 11.0\VC\bin\link.exe /ERRORREPORT:PROMPT /OUT:".\bin\ldecod.exe" /INCREMENTAL /NOLOGO Ws2_32.lib kernel32.lib user32.lib gdi32.lib winspool.lib comdlg32.lib advapi32.lib shell32.lib ole32.lib oleaut32.lib uuid.lib odbc32.lib odbccp32.lib /MANIFEST /MANIFESTUAC:"level='asInvoker' uiAccess='false'" /manifest:embed /DEBUG /PDB:".\ldecod/Debug_Win32_vc10/ldecod.pdb" /SUBSYSTEM:CONSOLE /TLBID:1 /DYNAMICBASE:NO /IMPLIB:".\bin\ldecod.lib" /MACHINE:X86 /SAFESEH .\ldecod/Debug_Win32_vc10/blk_prediction.obj
         .\ldecod/Debug_Win32_vc10/config_common.obj
         .\ldecod/Debug_Win32_vc10/img_io.obj
         .\ldecod/Debug_Win32_vc10/img_process.obj
         .\ldecod/Debug_Win32_vc10/input.obj
         .\ldecod/Debug_Win32_vc10/io_raw.obj
         .\ldecod/Debug_Win32_vc10/io_tiff.obj
         .\ldecod/Debug_Win32_vc10/mbuffer_common.obj
         .\ldecod/Debug_Win32_vc10/memalloc.obj
         .\ldecod/Debug_Win32_vc10/mv_prediction.obj
         .\ldecod/Debug_Win32_vc10/nalucommon.obj
         .\ldecod/Debug_Win32_vc10/parsetcommon.obj
         .\ldecod/Debug_Win32_vc10/transform.obj
         .\ldecod/Debug_Win32_vc10/win32.obj
         .\ldecod/Debug_Win32_vc10/annexb.obj
         .\ldecod/Debug_Win32_vc10/biaridecod.obj
         .\ldecod/Debug_Win32_vc10/block.obj
         .\ldecod/Debug_Win32_vc10/cabac.obj
         .\ldecod/Debug_Win32_vc10/configfile.obj
         .\ldecod/Debug_Win32_vc10/context_ini.obj
         .\ldecod/Debug_Win32_vc10/decoder_test.obj
         .\ldecod/Debug_Win32_vc10/dec_statistics.obj
         .\ldecod/Debug_Win32_vc10/erc_api.obj
         .\ldecod/Debug_Win32_vc10/erc_do_i.obj
         .\ldecod/Debug_Win32_vc10/erc_do_p.obj
         .\ldecod/Debug_Win32_vc10/errorconcealment.obj
         .\ldecod/Debug_Win32_vc10/filehandle.obj
         .\ldecod/Debug_Win32_vc10/fmo.obj
         .\ldecod/Debug_Win32_vc10/header.obj
         .\ldecod/Debug_Win32_vc10/image.obj
         .\ldecod/Debug_Win32_vc10/intra16x16_pred.obj
         .\ldecod/Debug_Win32_vc10/intra16x16_pred_mbaff.obj
         .\ldecod/Debug_Win32_vc10/intra16x16_pred_normal.obj
         .\ldecod/Debug_Win32_vc10/intra4x4_pred.obj
         .\ldecod/Debug_Win32_vc10/intra4x4_pred_mbaff.obj
         .\ldecod/Debug_Win32_vc10/intra4x4_pred_normal.obj
         .\ldecod/Debug_Win32_vc10/intra8x8_pred.obj
         .\ldecod/Debug_Win32_vc10/intra8x8_pred_mbaff.obj
         .\ldecod/Debug_Win32_vc10/intra8x8_pred_normal.obj
         .\ldecod/Debug_Win32_vc10/intra_chroma_pred.obj
         .\ldecod/Debug_Win32_vc10/intra_chroma_pred_mbaff.obj
         .\ldecod/Debug_Win32_vc10/intra_pred_common.obj
         .\ldecod/Debug_Win32_vc10/ldecod.obj
         .\ldecod/Debug_Win32_vc10/leaky_bucket.obj
         .\ldecod/Debug_Win32_vc10/loopFilter.obj
         .\ldecod/Debug_Win32_vc10/loop_filter_mbaff.obj
         .\ldecod/Debug_Win32_vc10/loop_filter_normal.obj
         .\ldecod/Debug_Win32_vc10/macroblock.obj
         .\ldecod/Debug_Win32_vc10/mbuffer.obj
         .\ldecod/Debug_Win32_vc10/mbuffer_mvc.obj
         .\ldecod/Debug_Win32_vc10/mb_access.obj
         .\ldecod/Debug_Win32_vc10/mb_prediction.obj
         .\ldecod/Debug_Win32_vc10/mb_read.obj
         .\ldecod/Debug_Win32_vc10/mc_direct.obj
         .\ldecod/Debug_Win32_vc10/mc_prediction.obj
         .\ldecod/Debug_Win32_vc10/nal.obj
         .\ldecod/Debug_Win32_vc10/nalu.obj
         .\ldecod/Debug_Win32_vc10/output.obj
         .\ldecod/Debug_Win32_vc10/parset.obj
         .\ldecod/Debug_Win32_vc10/quant.obj
         .\ldecod/Debug_Win32_vc10/read_comp_cabac.obj
         .\ldecod/Debug_Win32_vc10/read_comp_cavlc.obj
         .\ldecod/Debug_Win32_vc10/rtp.obj
         .\ldecod/Debug_Win32_vc10/sei.obj
         .\ldecod/Debug_Win32_vc10/transform8x8.obj
         .\ldecod/Debug_Win32_vc10/vlc.obj
     1>blk_prediction.obj : warning LNK4075: 忽略“/EDITANDCONTINUE”(由于“/SAFESEH”规范)
         ldecod_vc10.vcxproj -> E:\MaggieSVN\项目成员\黄梦蝶\H264\JM\.\bin\ldecod.exe
       BscMake:
         E:\VS2012\Microsoft Visual Studio 11.0\VC\bin\bscmake.exe /nologo /o".\bin\ldecod.bsc" .\bin\blk_prediction.sbr .\bin\config_common.sbr .\bin\img_io.sbr .\bin\img_process.sbr .\bin\input.sbr .\bin\io_raw.sbr .\bin\io_tiff.sbr .\bin\mbuffer_common.sbr .\bin\memalloc.sbr .\bin\mv_prediction.sbr .\bin\nalucommon.sbr .\bin\parsetcommon.sbr .\bin\transform.sbr .\bin\win32.sbr .\bin\annexb.sbr .\bin\biaridecod.sbr .\bin\block.sbr .\bin\cabac.sbr .\bin\configfile.sbr .\bin\context_ini.sbr .\bin\decoder_test.sbr .\bin\dec_statistics.sbr .\bin\erc_api.sbr .\bin\erc_do_i.sbr .\bin\erc_do_p.sbr .\bin\errorconcealment.sbr .\bin\filehandle.sbr .\bin\fmo.sbr .\bin\header.sbr .\bin\image.sbr .\bin\intra16x16_pred.sbr .\bin\intra16x16_pred_mbaff.sbr .\bin\intra16x16_pred_normal.sbr .\bin\intra4x4_pred.sbr .\bin\intra4x4_pred_mbaff.sbr .\bin\intra4x4_pred_normal.sbr .\bin\intra8x8_pred.sbr .\bin\intra8x8_pred_mbaff.sbr .\bin\intra8x8_pred_normal.sbr .\bin\intra_chroma_pred.sbr .\bin\intra_chroma_pred_mbaff.sbr .\bin\intra_pred_common.sbr .\bin\ldecod.sbr .\bin\leaky_bucket.sbr .\bin\loopFilter.sbr .\bin\loop_filter_mbaff.sbr .\bin\loop_filter_normal.sbr .\bin\macroblock.sbr .\bin\mbuffer.sbr .\bin\mbuffer_mvc.sbr .\bin\mb_access.sbr .\bin\mb_prediction.sbr .\bin\mb_read.sbr .\bin\mc_direct.sbr .\bin\mc_prediction.sbr .\bin\nal.sbr .\bin\nalu.sbr .\bin\output.sbr .\bin\parset.sbr .\bin\quant.sbr .\bin\read_comp_cabac.sbr .\bin\read_comp_cavlc.sbr .\bin\rtp.sbr .\bin\sei.sbr .\bin\transform8x8.sbr .\bin\vlc.sbr
       FinalizeBuildStatus:
         正在删除文件“.\bin\ldecod.unsuccessfulbuild”。
         正在对“.\bin\ldecod.lastbuildstate”执行 Touch 任务。
     1>已完成生成项目“E:\MaggieSVN\项目成员\黄梦蝶\H264\JM\ldecod_vc10.vcxproj”(Build 个目标)的操作。

生成成功。

已用时间 00:00:30.39
