E:\JMCOMMV\ENCVIDEO\ENCVIDEO\DEBUG\ENCVIDEO.PCH
E:\JMCOMMV\ENCVIDEO\ENCVIDEO\DEBUG\STDAFX.OBJ
E:\JMCOMMV\ENCVIDEO\ENCVIDEO\DEBUG\VC110.PDB
E:\JMCOMMV\ENCVIDEO\ENCVIDEO\DEBUG\ENCVIDEO.OBJ
E:\JMCOMMV\ENCVIDEO\ENCVIDEO\DEBUG\ENCVIDEODLG.OBJ
E:\JMCOMMV\ENCVIDEO\DEBUG\ENCVIDEO.ILK
E:\JMCOMMV\ENCVIDEO\DEBUG\ENCVIDEO.EXE
E:\JMCOMMV\ENCVIDEO\DEBUG\ENCVIDEO.PDB
E:\JMCOMMV\ENCVIDEO\ENCVIDEO\DEBUG\ENCVIDEO.RES
E:\JMComMV\EncVideo\EncVideo\Debug\EncVideo.obj
E:\JMComMV\EncVideo\EncVideo\Debug\EncVideoDlg.obj
E:\JMComMV\EncVideo\EncVideo\Debug\stdafx.obj
E:\JMComMV\EncVideo\EncVideo\Debug\cl.command.1.tlog
E:\JMComMV\EncVideo\EncVideo\Debug\CL.read.1.tlog
E:\JMComMV\EncVideo\EncVideo\Debug\CL.write.1.tlog
E:\JMComMV\EncVideo\EncVideo\Debug\link-cvtres.read.1.tlog
E:\JMComMV\EncVideo\EncVideo\Debug\link-cvtres.write.1.tlog
E:\JMComMV\EncVideo\EncVideo\Debug\link-mt.read.1.tlog
E:\JMComMV\EncVideo\EncVideo\Debug\link-mt.write.1.tlog
E:\JMComMV\EncVideo\EncVideo\Debug\link-rc.read.1.tlog
E:\JMComMV\EncVideo\EncVideo\Debug\link-rc.write.1.tlog
E:\JMComMV\EncVideo\EncVideo\Debug\link.command.1.tlog
E:\JMComMV\EncVideo\EncVideo\Debug\link.read.1.tlog
E:\JMComMV\EncVideo\EncVideo\Debug\link.write.1.tlog
E:\JMComMV\EncVideo\EncVideo\Debug\rc.command.1.tlog
E:\JMComMV\EncVideo\EncVideo\Debug\rc.read.1.tlog
E:\JMComMV\EncVideo\EncVideo\Debug\rc.write.1.tlog
E:\JMComMV\EncVideo\EncVideo\Debug\EncVideo.res
E:\JMComMV\EncVideo\EncVideo\Debug\EncVideo.pch
E:\JMComMV\EncVideo\EncVideo\Debug\vc110.idb
E:\JMComMV\EncVideo\EncVideo\Debug\vc110.pdb
E:\JMComMV\EncVideo\Debug\EncVideo.pdb
E:\JMComMV\EncVideo\Debug\EncVideo.exe
E:\JMComMV\EncVideo\Debug\EncVideo.ilk
