生成启动时间为 2018/7/18 2:23:21。
     1>项目“E:\MaggieSVN\项目成员\黄梦蝶\JMComMV\EncVideo715\EncVideo\EncVideo.vcxproj”在节点 2 上(Build 个目标)。
     1>InitializeBuildStatus:
         正在创建“Debug\EncVideo.unsuccessfulbuild”，因为已指定“AlwaysCreate”。
       ClCompile:
         所有输出均为最新。
         E:\VS2012\Microsoft Visual Studio 11.0\VC\bin\CL.exe /c /ZI /nologo /W3 /WX- /sdl /Od /Oy- /D WIN32 /D _WINDOWS /D _DEBUG /D _UNICODE /D UNICODE /D _AFXDLL /Gm /EHsc /RTC1 /MDd /GS /fp:precise /Zc:wchar_t /Zc:forScope /Yu"stdafx.h" /Fp"Debug\EncVideo.pch" /Fo"Debug\\" /Fd"Debug\vc110.pdb" /Gd /TP /analyze- /errorReport:prompt EncVideo.cpp EncVideoDlg.cpp
         EncVideoDlg.cpp
     1>e:\maggiesvn\项目成员\黄梦蝶\jmcommv\encvideo715\encvideo\encvideodlg.cpp(234): warning C4244: “初始化”: 从“ULONGLONG”转换到“int”，可能丢失数据
     1>e:\maggiesvn\项目成员\黄梦蝶\jmcommv\encvideo715\encvideo\encvideodlg.cpp(222): warning C4101: “SortedEncData”: 未引用的局部变量
     1>e:\maggiesvn\项目成员\黄梦蝶\jmcommv\encvideo715\encvideo\encvideodlg.cpp(355): warning C4244: “参数”: 从“time_t”转换到“unsigned int”，可能丢失数据
         正在生成代码...
         正在编译...
         EncVideo.cpp
         正在生成代码...
       ResourceCompile:
         所有输出均为最新。
       Link:
         E:\VS2012\Microsoft Visual Studio 11.0\VC\bin\link.exe /ERRORREPORT:PROMPT /OUT:"E:\MaggieSVN\项目成员\黄梦蝶\JMComMV\EncVideo715\Debug\EncVideo.exe" /INCREMENTAL /NOLOGO /MANIFEST /MANIFESTUAC:"level='asInvoker' uiAccess='false'" /manifest:embed /manifestinput:"E:\VS2012\Microsoft Visual Studio 11.0\VC\Include\Manifest\dpiaware.manifest" /DEBUG /PDB:"E:\MaggieSVN\项目成员\黄梦蝶\JMComMV\EncVideo715\Debug\EncVideo.pdb" /SUBSYSTEM:WINDOWS /TLBID:1 /ENTRY:"wWinMainCRTStartup" /DYNAMICBASE /NXCOMPAT /IMPLIB:"E:\MaggieSVN\项目成员\黄梦蝶\JMComMV\EncVideo715\Debug\EncVideo.lib" /MACHINE:X86 Debug\EncVideo.res
         Debug\EncVideo.obj
         Debug\EncVideoDlg.obj
         Debug\stdafx.obj
         EncVideo.vcxproj -> E:\MaggieSVN\项目成员\黄梦蝶\JMComMV\EncVideo715\Debug\EncVideo.exe
       FinalizeBuildStatus:
         正在删除文件“Debug\EncVideo.unsuccessfulbuild”。
         正在对“Debug\EncVideo.lastbuildstate”执行 Touch 任务。
     1>已完成生成项目“E:\MaggieSVN\项目成员\黄梦蝶\JMComMV\EncVideo715\EncVideo\EncVideo.vcxproj”(Build 个目标)的操作。

生成成功。

已用时间 00:00:13.04
